2022-12-09,19:41:02 | INFO | Running with a single process. Device cuda:0.
2022-12-09,19:41:02 | INFO | Loaded RN50 model config.
2022-12-09,19:41:05 | INFO | Model:
2022-12-09,19:41:05 | INFO | CLIP(
  (visual): ModifiedResNet(
    (conv1): Conv2d(3, 32, kernel_size=(3, 3), stride=(2, 2), padding=(1, 1), bias=False)
    (bn1): BatchNorm2d(32, eps=1e-05, momentum=0.1, affine=True, track_running_stats=True)
    (act1): ReLU(inplace=True)
    (conv2): Conv2d(32, 32, kernel_size=(3, 3), stride=(1, 1), padding=(1, 1), bias=False)
    (bn2): BatchNorm2d(32, eps=1e-05, momentum=0.1, affine=True, track_running_stats=True)
    (act2): ReLU(inplace=True)
    (conv3): Conv2d(32, 64, kernel_size=(3, 3), stride=(1, 1), padding=(1, 1), bias=False)
    (bn3): BatchNorm2d(64, eps=1e-05, momentum=0.1, affine=True, track_running_stats=True)
    (act3): ReLU(inplace=True)
    (avgpool): AvgPool2d(kernel_size=2, stride=2, padding=0)
    (layer1): Sequential(
      (0): Bottleneck(
        (conv1): Conv2d(64, 64, kernel_size=(1, 1), stride=(1, 1), bias=False)
        (bn1): BatchNorm2d(64, eps=1e-05, momentum=0.1, affine=True, track_running_stats=True)
        (act1): ReLU(inplace=True)
        (conv2): Conv2d(64, 64, kernel_size=(3, 3), stride=(1, 1), padding=(1, 1), bias=False)
        (bn2): BatchNorm2d(64, eps=1e-05, momentum=0.1, affine=True, track_running_stats=True)
        (act2): ReLU(inplace=True)
        (avgpool): Identity()
        (conv3): Conv2d(64, 256, kernel_size=(1, 1), stride=(1, 1), bias=False)
        (bn3): BatchNorm2d(256, eps=1e-05, momentum=0.1, affine=True, track_running_stats=True)
        (act3): ReLU(inplace=True)
        (downsample): Sequential(
          (-1): AvgPool2d(kernel_size=1, stride=1, padding=0)
          (0): Conv2d(64, 256, kernel_size=(1, 1), stride=(1, 1), bias=False)
          (1): BatchNorm2d(256, eps=1e-05, momentum=0.1, affine=True, track_running_stats=True)
        )
      )
      (1): Bottleneck(
        (conv1): Conv2d(256, 64, kernel_size=(1, 1), stride=(1, 1), bias=False)
        (bn1): BatchNorm2d(64, eps=1e-05, momentum=0.1, affine=True, track_running_stats=True)
        (act1): ReLU(inplace=True)
        (conv2): Conv2d(64, 64, kernel_size=(3, 3), stride=(1, 1), padding=(1, 1), bias=False)
        (bn2): BatchNorm2d(64, eps=1e-05, momentum=0.1, affine=True, track_running_stats=True)
        (act2): ReLU(inplace=True)
        (avgpool): Identity()
        (conv3): Conv2d(64, 256, kernel_size=(1, 1), stride=(1, 1), bias=False)
        (bn3): BatchNorm2d(256, eps=1e-05, momentum=0.1, affine=True, track_running_stats=True)
        (act3): ReLU(inplace=True)
      )
      (2): Bottleneck(
        (conv1): Conv2d(256, 64, kernel_size=(1, 1), stride=(1, 1), bias=False)
        (bn1): BatchNorm2d(64, eps=1e-05, momentum=0.1, affine=True, track_running_stats=True)
        (act1): ReLU(inplace=True)
        (conv2): Conv2d(64, 64, kernel_size=(3, 3), stride=(1, 1), padding=(1, 1), bias=False)
        (bn2): BatchNorm2d(64, eps=1e-05, momentum=0.1, affine=True, track_running_stats=True)
        (act2): ReLU(inplace=True)
        (avgpool): Identity()
        (conv3): Conv2d(64, 256, kernel_size=(1, 1), stride=(1, 1), bias=False)
        (bn3): BatchNorm2d(256, eps=1e-05, momentum=0.1, affine=True, track_running_stats=True)
        (act3): ReLU(inplace=True)
      )
    )
    (layer2): Sequential(
      (0): Bottleneck(
        (conv1): Conv2d(256, 128, kernel_size=(1, 1), stride=(1, 1), bias=False)
        (bn1): BatchNorm2d(128, eps=1e-05, momentum=0.1, affine=True, track_running_stats=True)
        (act1): ReLU(inplace=True)
        (conv2): Conv2d(128, 128, kernel_size=(3, 3), stride=(1, 1), padding=(1, 1), bias=False)
        (bn2): BatchNorm2d(128, eps=1e-05, momentum=0.1, affine=True, track_running_stats=True)
        (act2): ReLU(inplace=True)
        (avgpool): AvgPool2d(kernel_size=2, stride=2, padding=0)
        (conv3): Conv2d(128, 512, kernel_size=(1, 1), stride=(1, 1), bias=False)
        (bn3): BatchNorm2d(512, eps=1e-05, momentum=0.1, affine=True, track_running_stats=True)
        (act3): ReLU(inplace=True)
        (downsample): Sequential(
          (-1): AvgPool2d(kernel_size=2, stride=2, padding=0)
          (0): Conv2d(256, 512, kernel_size=(1, 1), stride=(1, 1), bias=False)
          (1): BatchNorm2d(512, eps=1e-05, momentum=0.1, affine=True, track_running_stats=True)
        )
      )
      (1): Bottleneck(
        (conv1): Conv2d(512, 128, kernel_size=(1, 1), stride=(1, 1), bias=False)
        (bn1): BatchNorm2d(128, eps=1e-05, momentum=0.1, affine=True, track_running_stats=True)
        (act1): ReLU(inplace=True)
        (conv2): Conv2d(128, 128, kernel_size=(3, 3), stride=(1, 1), padding=(1, 1), bias=False)
        (bn2): BatchNorm2d(128, eps=1e-05, momentum=0.1, affine=True, track_running_stats=True)
        (act2): ReLU(inplace=True)
        (avgpool): Identity()
        (conv3): Conv2d(128, 512, kernel_size=(1, 1), stride=(1, 1), bias=False)
        (bn3): BatchNorm2d(512, eps=1e-05, momentum=0.1, affine=True, track_running_stats=True)
        (act3): ReLU(inplace=True)
      )
      (2): Bottleneck(
        (conv1): Conv2d(512, 128, kernel_size=(1, 1), stride=(1, 1), bias=False)
        (bn1): BatchNorm2d(128, eps=1e-05, momentum=0.1, affine=True, track_running_stats=True)
        (act1): ReLU(inplace=True)
        (conv2): Conv2d(128, 128, kernel_size=(3, 3), stride=(1, 1), padding=(1, 1), bias=False)
        (bn2): BatchNorm2d(128, eps=1e-05, momentum=0.1, affine=True, track_running_stats=True)
        (act2): ReLU(inplace=True)
        (avgpool): Identity()
        (conv3): Conv2d(128, 512, kernel_size=(1, 1), stride=(1, 1), bias=False)
        (bn3): BatchNorm2d(512, eps=1e-05, momentum=0.1, affine=True, track_running_stats=True)
        (act3): ReLU(inplace=True)
      )
      (3): Bottleneck(
        (conv1): Conv2d(512, 128, kernel_size=(1, 1), stride=(1, 1), bias=False)
        (bn1): BatchNorm2d(128, eps=1e-05, momentum=0.1, affine=True, track_running_stats=True)
        (act1): ReLU(inplace=True)
        (conv2): Conv2d(128, 128, kernel_size=(3, 3), stride=(1, 1), padding=(1, 1), bias=False)
        (bn2): BatchNorm2d(128, eps=1e-05, momentum=0.1, affine=True, track_running_stats=True)
        (act2): ReLU(inplace=True)
        (avgpool): Identity()
        (conv3): Conv2d(128, 512, kernel_size=(1, 1), stride=(1, 1), bias=False)
        (bn3): BatchNorm2d(512, eps=1e-05, momentum=0.1, affine=True, track_running_stats=True)
        (act3): ReLU(inplace=True)
      )
    )
    (layer3): Sequential(
      (0): Bottleneck(
        (conv1): Conv2d(512, 256, kernel_size=(1, 1), stride=(1, 1), bias=False)
        (bn1): BatchNorm2d(256, eps=1e-05, momentum=0.1, affine=True, track_running_stats=True)
        (act1): ReLU(inplace=True)
        (conv2): Conv2d(256, 256, kernel_size=(3, 3), stride=(1, 1), padding=(1, 1), bias=False)
        (bn2): BatchNorm2d(256, eps=1e-05, momentum=0.1, affine=True, track_running_stats=True)
        (act2): ReLU(inplace=True)
        (avgpool): AvgPool2d(kernel_size=2, stride=2, padding=0)
        (conv3): Conv2d(256, 1024, kernel_size=(1, 1), stride=(1, 1), bias=False)
        (bn3): BatchNorm2d(1024, eps=1e-05, momentum=0.1, affine=True, track_running_stats=True)
        (act3): ReLU(inplace=True)
        (downsample): Sequential(
          (-1): AvgPool2d(kernel_size=2, stride=2, padding=0)
          (0): Conv2d(512, 1024, kernel_size=(1, 1), stride=(1, 1), bias=False)
          (1): BatchNorm2d(1024, eps=1e-05, momentum=0.1, affine=True, track_running_stats=True)
        )
      )
      (1): Bottleneck(
        (conv1): Conv2d(1024, 256, kernel_size=(1, 1), stride=(1, 1), bias=False)
        (bn1): BatchNorm2d(256, eps=1e-05, momentum=0.1, affine=True, track_running_stats=True)
        (act1): ReLU(inplace=True)
        (conv2): Conv2d(256, 256, kernel_size=(3, 3), stride=(1, 1), padding=(1, 1), bias=False)
        (bn2): BatchNorm2d(256, eps=1e-05, momentum=0.1, affine=True, track_running_stats=True)
        (act2): ReLU(inplace=True)
        (avgpool): Identity()
        (conv3): Conv2d(256, 1024, kernel_size=(1, 1), stride=(1, 1), bias=False)
        (bn3): BatchNorm2d(1024, eps=1e-05, momentum=0.1, affine=True, track_running_stats=True)
        (act3): ReLU(inplace=True)
      )
      (2): Bottleneck(
        (conv1): Conv2d(1024, 256, kernel_size=(1, 1), stride=(1, 1), bias=False)
        (bn1): BatchNorm2d(256, eps=1e-05, momentum=0.1, affine=True, track_running_stats=True)
        (act1): ReLU(inplace=True)
        (conv2): Conv2d(256, 256, kernel_size=(3, 3), stride=(1, 1), padding=(1, 1), bias=False)
        (bn2): BatchNorm2d(256, eps=1e-05, momentum=0.1, affine=True, track_running_stats=True)
        (act2): ReLU(inplace=True)
        (avgpool): Identity()
        (conv3): Conv2d(256, 1024, kernel_size=(1, 1), stride=(1, 1), bias=False)
        (bn3): BatchNorm2d(1024, eps=1e-05, momentum=0.1, affine=True, track_running_stats=True)
        (act3): ReLU(inplace=True)
      )
      (3): Bottleneck(
        (conv1): Conv2d(1024, 256, kernel_size=(1, 1), stride=(1, 1), bias=False)
        (bn1): BatchNorm2d(256, eps=1e-05, momentum=0.1, affine=True, track_running_stats=True)
        (act1): ReLU(inplace=True)
        (conv2): Conv2d(256, 256, kernel_size=(3, 3), stride=(1, 1), padding=(1, 1), bias=False)
        (bn2): BatchNorm2d(256, eps=1e-05, momentum=0.1, affine=True, track_running_stats=True)
        (act2): ReLU(inplace=True)
        (avgpool): Identity()
        (conv3): Conv2d(256, 1024, kernel_size=(1, 1), stride=(1, 1), bias=False)
        (bn3): BatchNorm2d(1024, eps=1e-05, momentum=0.1, affine=True, track_running_stats=True)
        (act3): ReLU(inplace=True)
      )
      (4): Bottleneck(
        (conv1): Conv2d(1024, 256, kernel_size=(1, 1), stride=(1, 1), bias=False)
        (bn1): BatchNorm2d(256, eps=1e-05, momentum=0.1, affine=True, track_running_stats=True)
        (act1): ReLU(inplace=True)
        (conv2): Conv2d(256, 256, kernel_size=(3, 3), stride=(1, 1), padding=(1, 1), bias=False)
        (bn2): BatchNorm2d(256, eps=1e-05, momentum=0.1, affine=True, track_running_stats=True)
        (act2): ReLU(inplace=True)
        (avgpool): Identity()
        (conv3): Conv2d(256, 1024, kernel_size=(1, 1), stride=(1, 1), bias=False)
        (bn3): BatchNorm2d(1024, eps=1e-05, momentum=0.1, affine=True, track_running_stats=True)
        (act3): ReLU(inplace=True)
      )
      (5): Bottleneck(
        (conv1): Conv2d(1024, 256, kernel_size=(1, 1), stride=(1, 1), bias=False)
        (bn1): BatchNorm2d(256, eps=1e-05, momentum=0.1, affine=True, track_running_stats=True)
        (act1): ReLU(inplace=True)
        (conv2): Conv2d(256, 256, kernel_size=(3, 3), stride=(1, 1), padding=(1, 1), bias=False)
        (bn2): BatchNorm2d(256, eps=1e-05, momentum=0.1, affine=True, track_running_stats=True)
        (act2): ReLU(inplace=True)
        (avgpool): Identity()
        (conv3): Conv2d(256, 1024, kernel_size=(1, 1), stride=(1, 1), bias=False)
        (bn3): BatchNorm2d(1024, eps=1e-05, momentum=0.1, affine=True, track_running_stats=True)
        (act3): ReLU(inplace=True)
      )
    )
    (layer4): Sequential(
      (0): Bottleneck(
        (conv1): Conv2d(1024, 512, kernel_size=(1, 1), stride=(1, 1), bias=False)
        (bn1): BatchNorm2d(512, eps=1e-05, momentum=0.1, affine=True, track_running_stats=True)
        (act1): ReLU(inplace=True)
        (conv2): Conv2d(512, 512, kernel_size=(3, 3), stride=(1, 1), padding=(1, 1), bias=False)
        (bn2): BatchNorm2d(512, eps=1e-05, momentum=0.1, affine=True, track_running_stats=True)
        (act2): ReLU(inplace=True)
        (avgpool): AvgPool2d(kernel_size=2, stride=2, padding=0)
        (conv3): Conv2d(512, 2048, kernel_size=(1, 1), stride=(1, 1), bias=False)
        (bn3): BatchNorm2d(2048, eps=1e-05, momentum=0.1, affine=True, track_running_stats=True)
        (act3): ReLU(inplace=True)
        (downsample): Sequential(
          (-1): AvgPool2d(kernel_size=2, stride=2, padding=0)
          (0): Conv2d(1024, 2048, kernel_size=(1, 1), stride=(1, 1), bias=False)
          (1): BatchNorm2d(2048, eps=1e-05, momentum=0.1, affine=True, track_running_stats=True)
        )
      )
      (1): Bottleneck(
        (conv1): Conv2d(2048, 512, kernel_size=(1, 1), stride=(1, 1), bias=False)
        (bn1): BatchNorm2d(512, eps=1e-05, momentum=0.1, affine=True, track_running_stats=True)
        (act1): ReLU(inplace=True)
        (conv2): Conv2d(512, 512, kernel_size=(3, 3), stride=(1, 1), padding=(1, 1), bias=False)
        (bn2): BatchNorm2d(512, eps=1e-05, momentum=0.1, affine=True, track_running_stats=True)
        (act2): ReLU(inplace=True)
        (avgpool): Identity()
        (conv3): Conv2d(512, 2048, kernel_size=(1, 1), stride=(1, 1), bias=False)
        (bn3): BatchNorm2d(2048, eps=1e-05, momentum=0.1, affine=True, track_running_stats=True)
        (act3): ReLU(inplace=True)
      )
      (2): Bottleneck(
        (conv1): Conv2d(2048, 512, kernel_size=(1, 1), stride=(1, 1), bias=False)
        (bn1): BatchNorm2d(512, eps=1e-05, momentum=0.1, affine=True, track_running_stats=True)
        (act1): ReLU(inplace=True)
        (conv2): Conv2d(512, 512, kernel_size=(3, 3), stride=(1, 1), padding=(1, 1), bias=False)
        (bn2): BatchNorm2d(512, eps=1e-05, momentum=0.1, affine=True, track_running_stats=True)
        (act2): ReLU(inplace=True)
        (avgpool): Identity()
        (conv3): Conv2d(512, 2048, kernel_size=(1, 1), stride=(1, 1), bias=False)
        (bn3): BatchNorm2d(2048, eps=1e-05, momentum=0.1, affine=True, track_running_stats=True)
        (act3): ReLU(inplace=True)
      )
    )
    (attnpool): AttentionPool2d(
      (k_proj): Linear(in_features=2048, out_features=2048, bias=True)
      (q_proj): Linear(in_features=2048, out_features=2048, bias=True)
      (v_proj): Linear(in_features=2048, out_features=2048, bias=True)
      (c_proj): Linear(in_features=2048, out_features=1024, bias=True)
    )
  )
  (transformer): Transformer(
    (resblocks): ModuleList(
      (0): ResidualAttentionBlock(
        (ln_1): LayerNorm((512,), eps=1e-05, elementwise_affine=True)
        (attn): MultiheadAttention(
          (out_proj): NonDynamicallyQuantizableLinear(in_features=512, out_features=512, bias=True)
        )
        (ls_1): Identity()
        (ln_2): LayerNorm((512,), eps=1e-05, elementwise_affine=True)
        (mlp): Sequential(
          (c_fc): Linear(in_features=512, out_features=2048, bias=True)
          (gelu): GELU(approximate='none')
          (c_proj): Linear(in_features=2048, out_features=512, bias=True)
        )
        (ls_2): Identity()
      )
      (1): ResidualAttentionBlock(
        (ln_1): LayerNorm((512,), eps=1e-05, elementwise_affine=True)
        (attn): MultiheadAttention(
          (out_proj): NonDynamicallyQuantizableLinear(in_features=512, out_features=512, bias=True)
        )
        (ls_1): Identity()
        (ln_2): LayerNorm((512,), eps=1e-05, elementwise_affine=True)
        (mlp): Sequential(
          (c_fc): Linear(in_features=512, out_features=2048, bias=True)
          (gelu): GELU(approximate='none')
          (c_proj): Linear(in_features=2048, out_features=512, bias=True)
        )
        (ls_2): Identity()
      )
      (2): ResidualAttentionBlock(
        (ln_1): LayerNorm((512,), eps=1e-05, elementwise_affine=True)
        (attn): MultiheadAttention(
          (out_proj): NonDynamicallyQuantizableLinear(in_features=512, out_features=512, bias=True)
        )
        (ls_1): Identity()
        (ln_2): LayerNorm((512,), eps=1e-05, elementwise_affine=True)
        (mlp): Sequential(
          (c_fc): Linear(in_features=512, out_features=2048, bias=True)
          (gelu): GELU(approximate='none')
          (c_proj): Linear(in_features=2048, out_features=512, bias=True)
        )
        (ls_2): Identity()
      )
      (3): ResidualAttentionBlock(
        (ln_1): LayerNorm((512,), eps=1e-05, elementwise_affine=True)
        (attn): MultiheadAttention(
          (out_proj): NonDynamicallyQuantizableLinear(in_features=512, out_features=512, bias=True)
        )
        (ls_1): Identity()
        (ln_2): LayerNorm((512,), eps=1e-05, elementwise_affine=True)
        (mlp): Sequential(
          (c_fc): Linear(in_features=512, out_features=2048, bias=True)
          (gelu): GELU(approximate='none')
          (c_proj): Linear(in_features=2048, out_features=512, bias=True)
        )
        (ls_2): Identity()
      )
      (4): ResidualAttentionBlock(
        (ln_1): LayerNorm((512,), eps=1e-05, elementwise_affine=True)
        (attn): MultiheadAttention(
          (out_proj): NonDynamicallyQuantizableLinear(in_features=512, out_features=512, bias=True)
        )
        (ls_1): Identity()
        (ln_2): LayerNorm((512,), eps=1e-05, elementwise_affine=True)
        (mlp): Sequential(
          (c_fc): Linear(in_features=512, out_features=2048, bias=True)
          (gelu): GELU(approximate='none')
          (c_proj): Linear(in_features=2048, out_features=512, bias=True)
        )
        (ls_2): Identity()
      )
      (5): ResidualAttentionBlock(
        (ln_1): LayerNorm((512,), eps=1e-05, elementwise_affine=True)
        (attn): MultiheadAttention(
          (out_proj): NonDynamicallyQuantizableLinear(in_features=512, out_features=512, bias=True)
        )
        (ls_1): Identity()
        (ln_2): LayerNorm((512,), eps=1e-05, elementwise_affine=True)
        (mlp): Sequential(
          (c_fc): Linear(in_features=512, out_features=2048, bias=True)
          (gelu): GELU(approximate='none')
          (c_proj): Linear(in_features=2048, out_features=512, bias=True)
        )
        (ls_2): Identity()
      )
      (6): ResidualAttentionBlock(
        (ln_1): LayerNorm((512,), eps=1e-05, elementwise_affine=True)
        (attn): MultiheadAttention(
          (out_proj): NonDynamicallyQuantizableLinear(in_features=512, out_features=512, bias=True)
        )
        (ls_1): Identity()
        (ln_2): LayerNorm((512,), eps=1e-05, elementwise_affine=True)
        (mlp): Sequential(
          (c_fc): Linear(in_features=512, out_features=2048, bias=True)
          (gelu): GELU(approximate='none')
          (c_proj): Linear(in_features=2048, out_features=512, bias=True)
        )
        (ls_2): Identity()
      )
      (7): ResidualAttentionBlock(
        (ln_1): LayerNorm((512,), eps=1e-05, elementwise_affine=True)
        (attn): MultiheadAttention(
          (out_proj): NonDynamicallyQuantizableLinear(in_features=512, out_features=512, bias=True)
        )
        (ls_1): Identity()
        (ln_2): LayerNorm((512,), eps=1e-05, elementwise_affine=True)
        (mlp): Sequential(
          (c_fc): Linear(in_features=512, out_features=2048, bias=True)
          (gelu): GELU(approximate='none')
          (c_proj): Linear(in_features=2048, out_features=512, bias=True)
        )
        (ls_2): Identity()
      )
      (8): ResidualAttentionBlock(
        (ln_1): LayerNorm((512,), eps=1e-05, elementwise_affine=True)
        (attn): MultiheadAttention(
          (out_proj): NonDynamicallyQuantizableLinear(in_features=512, out_features=512, bias=True)
        )
        (ls_1): Identity()
        (ln_2): LayerNorm((512,), eps=1e-05, elementwise_affine=True)
        (mlp): Sequential(
          (c_fc): Linear(in_features=512, out_features=2048, bias=True)
          (gelu): GELU(approximate='none')
          (c_proj): Linear(in_features=2048, out_features=512, bias=True)
        )
        (ls_2): Identity()
      )
      (9): ResidualAttentionBlock(
        (ln_1): LayerNorm((512,), eps=1e-05, elementwise_affine=True)
        (attn): MultiheadAttention(
          (out_proj): NonDynamicallyQuantizableLinear(in_features=512, out_features=512, bias=True)
        )
        (ls_1): Identity()
        (ln_2): LayerNorm((512,), eps=1e-05, elementwise_affine=True)
        (mlp): Sequential(
          (c_fc): Linear(in_features=512, out_features=2048, bias=True)
          (gelu): GELU(approximate='none')
          (c_proj): Linear(in_features=2048, out_features=512, bias=True)
        )
        (ls_2): Identity()
      )
      (10): ResidualAttentionBlock(
        (ln_1): LayerNorm((512,), eps=1e-05, elementwise_affine=True)
        (attn): MultiheadAttention(
          (out_proj): NonDynamicallyQuantizableLinear(in_features=512, out_features=512, bias=True)
        )
        (ls_1): Identity()
        (ln_2): LayerNorm((512,), eps=1e-05, elementwise_affine=True)
        (mlp): Sequential(
          (c_fc): Linear(in_features=512, out_features=2048, bias=True)
          (gelu): GELU(approximate='none')
          (c_proj): Linear(in_features=2048, out_features=512, bias=True)
        )
        (ls_2): Identity()
      )
      (11): ResidualAttentionBlock(
        (ln_1): LayerNorm((512,), eps=1e-05, elementwise_affine=True)
        (attn): MultiheadAttention(
          (out_proj): NonDynamicallyQuantizableLinear(in_features=512, out_features=512, bias=True)
        )
        (ls_1): Identity()
        (ln_2): LayerNorm((512,), eps=1e-05, elementwise_affine=True)
        (mlp): Sequential(
          (c_fc): Linear(in_features=512, out_features=2048, bias=True)
          (gelu): GELU(approximate='none')
          (c_proj): Linear(in_features=2048, out_features=512, bias=True)
        )
        (ls_2): Identity()
      )
    )
  )
  (token_embedding): Embedding(49408, 512)
  (ln_final): LayerNorm((512,), eps=1e-05, elementwise_affine=True)
)
2022-12-09,19:41:05 | INFO | Params:
2022-12-09,19:41:05 | INFO |   batch_size: 128
2022-12-09,19:41:05 | INFO |   beta1: 0.9
2022-12-09,19:41:05 | INFO |   beta2: 0.999
2022-12-09,19:41:05 | INFO |   checkpoint_path: ./logs/2022_12_09-19_41_02-model_RN50-lr_0.001-b_128-j_0-p_amp/checkpoints
2022-12-09,19:41:05 | INFO |   copy_codebase: False
2022-12-09,19:41:05 | INFO |   csv_caption_key: title
2022-12-09,19:41:05 | INFO |   csv_img_key: filepath
2022-12-09,19:41:05 | INFO |   csv_separator: ;
2022-12-09,19:41:05 | INFO |   dataset_resampled: False
2022-12-09,19:41:05 | INFO |   dataset_type: auto
2022-12-09,19:41:05 | INFO |   ddp_static_graph: False
2022-12-09,19:41:05 | INFO |   debug: False
2022-12-09,19:41:05 | INFO |   device: cuda:0
2022-12-09,19:41:05 | INFO |   dist_backend: nccl
2022-12-09,19:41:05 | INFO |   dist_url: env://
2022-12-09,19:41:05 | INFO |   distributed: False
2022-12-09,19:41:05 | INFO |   epochs: 30
2022-12-09,19:41:05 | INFO |   eps: 1e-08
2022-12-09,19:41:05 | INFO |   force_custom_text: False
2022-12-09,19:41:05 | INFO |   force_quick_gelu: False
2022-12-09,19:41:05 | INFO |   gather_with_grad: False
2022-12-09,19:41:05 | INFO |   grad_checkpointing: False
2022-12-09,19:41:05 | INFO |   grad_clip_norm: None
2022-12-09,19:41:05 | INFO |   horovod: False
2022-12-09,19:41:05 | INFO |   image_mean: None
2022-12-09,19:41:05 | INFO |   image_std: None
2022-12-09,19:41:05 | INFO |   imagenet_v2: None
2022-12-09,19:41:05 | INFO |   imagenet_val: None
2022-12-09,19:41:05 | INFO |   local_loss: False
2022-12-09,19:41:05 | INFO |   local_rank: 0
2022-12-09,19:41:05 | INFO |   lock_image: False
2022-12-09,19:41:05 | INFO |   lock_image_freeze_bn_stats: False
2022-12-09,19:41:05 | INFO |   lock_image_unlocked_groups: 0
2022-12-09,19:41:05 | INFO |   lock_text: False
2022-12-09,19:41:05 | INFO |   lock_text_freeze_layer_norm: False
2022-12-09,19:41:05 | INFO |   lock_text_unlocked_layers: 0
2022-12-09,19:41:05 | INFO |   log_level: 20
2022-12-09,19:41:05 | INFO |   log_local: False
2022-12-09,19:41:05 | INFO |   log_path: ./logs/2022_12_09-19_41_02-model_RN50-lr_0.001-b_128-j_0-p_amp/out.log
2022-12-09,19:41:05 | INFO |   logs: ./logs/
2022-12-09,19:41:05 | INFO |   lr: 0.001
2022-12-09,19:41:05 | INFO |   model: RN50
2022-12-09,19:41:05 | INFO |   name: 2022_12_09-19_41_02-model_RN50-lr_0.001-b_128-j_0-p_amp
2022-12-09,19:41:05 | INFO |   no_set_device_rank: False
2022-12-09,19:41:05 | INFO |   precision: amp
2022-12-09,19:41:05 | INFO |   pretrained: 
2022-12-09,19:41:05 | INFO |   pretrained_image: False
2022-12-09,19:41:05 | INFO |   rank: 0
2022-12-09,19:41:05 | INFO |   report_to: tensorboard
2022-12-09,19:41:05 | INFO |   resume: None
2022-12-09,19:41:05 | INFO |   save_frequency: 1
2022-12-09,19:41:05 | INFO |   save_most_recent: False
2022-12-09,19:41:05 | INFO |   seed: 0
2022-12-09,19:41:05 | INFO |   skip_scheduler: False
2022-12-09,19:41:05 | INFO |   tensorboard: True
2022-12-09,19:41:05 | INFO |   tensorboard_path: ./logs/2022_12_09-19_41_02-model_RN50-lr_0.001-b_128-j_0-p_amp/tensorboard
2022-12-09,19:41:05 | INFO |   torchscript: False
2022-12-09,19:41:05 | INFO |   trace: False
2022-12-09,19:41:05 | INFO |   train_data: clip_dataset.csv
2022-12-09,19:41:05 | INFO |   train_num_samples: None
2022-12-09,19:41:05 | INFO |   use_bn_sync: False
2022-12-09,19:41:05 | INFO |   val_data: clip_dataset.csv
2022-12-09,19:41:05 | INFO |   val_frequency: 1
2022-12-09,19:41:05 | INFO |   val_num_samples: None
2022-12-09,19:41:05 | INFO |   wandb: False
2022-12-09,19:41:05 | INFO |   wandb_notes: 
2022-12-09,19:41:05 | INFO |   warmup: 10
2022-12-09,19:41:05 | INFO |   wd: 0.1
2022-12-09,19:41:05 | INFO |   workers: 0
2022-12-09,19:41:05 | INFO |   world_size: 1
2022-12-09,19:41:05 | INFO |   zeroshot_frequency: 1
2022-12-09,19:41:05 | INFO | Start epoch 0
2022-12-09,19:41:16 | INFO | Train Epoch: 0 [128/498 (33%)] Loss: 4.8797 (4.880) Data (t): 1.210 Batch (t): 11.153, 11.4771/s LR: 0.000100 Logit Scale: 14.286
2022-12-09,19:41:20 | INFO | Train Epoch: 0 [384/498 (100%)] Loss: 5.2729 (5.076) Data (t): 1.205 Batch (t): 1.979, 71.0323/s LR: 0.000300 Logit Scale: 14.282
2022-12-09,19:41:22 | INFO | Eval Epoch: 1 [128 / 498]	Loss: 4.854187	
2022-12-09,19:41:28 | INFO | Eval Epoch: 1 image_to_text_mean_rank: 249.1727	image_to_text_median_rank: 249.0000	image_to_text_R@1: 0.0020	image_to_text_R@5: 0.0100	image_to_text_R@10: 0.0201	text_to_image_mean_rank: 246.3695	text_to_image_median_rank: 244.0000	text_to_image_R@1: 0.0020	text_to_image_R@5: 0.0080	text_to_image_R@10: 0.0201	val_loss: 4.8273	epoch: 1.0000	num_samples: 498.0000
2022-12-09,19:41:30 | INFO | Start epoch 1
2022-12-09,19:41:32 | INFO | Train Epoch: 1 [128/498 (33%)] Loss: 5.1245 (5.124) Data (t): 1.029 Batch (t): 1.881, 68.0387/s LR: 0.000400 Logit Scale: 14.278
2022-12-09,19:41:36 | INFO | Train Epoch: 1 [384/498 (100%)] Loss: 4.9329 (5.029) Data (t): 1.336 Batch (t): 2.120, 74.5441/s LR: 0.000600 Logit Scale: 14.267
2022-12-09,19:41:37 | INFO | Eval Epoch: 2 [128 / 498]	Loss: 4.855011	
2022-12-09,19:41:42 | INFO | Eval Epoch: 2 image_to_text_mean_rank: 247.3876	image_to_text_median_rank: 247.0000	image_to_text_R@1: 0.0020	image_to_text_R@5: 0.0100	image_to_text_R@10: 0.0201	text_to_image_mean_rank: 234.1165	text_to_image_median_rank: 226.0000	text_to_image_R@1: 0.0020	text_to_image_R@5: 0.0120	text_to_image_R@10: 0.0241	val_loss: 4.8274	epoch: 2.0000	num_samples: 498.0000
2022-12-09,19:41:43 | INFO | Start epoch 2
2022-12-09,19:41:45 | INFO | Train Epoch: 2 [128/498 (33%)] Loss: 4.8544 (4.854) Data (t): 0.958 Batch (t): 1.817, 70.4363/s LR: 0.000700 Logit Scale: 14.261
2022-12-09,19:41:49 | INFO | Train Epoch: 2 [384/498 (100%)] Loss: 4.5732 (4.714) Data (t): 1.178 Batch (t): 1.964, 75.2695/s LR: 0.000900 Logit Scale: 14.246
2022-12-09,19:41:50 | INFO | Eval Epoch: 3 [128 / 498]	Loss: 4.981819	
2022-12-09,19:41:54 | INFO | Eval Epoch: 3 image_to_text_mean_rank: 248.1245	image_to_text_median_rank: 248.0000	image_to_text_R@1: 0.0020	image_to_text_R@5: 0.0080	image_to_text_R@10: 0.0241	text_to_image_mean_rank: 196.3896	text_to_image_median_rank: 178.0000	text_to_image_R@1: 0.0060	text_to_image_R@5: 0.0201	text_to_image_R@10: 0.0462	val_loss: 4.9429	epoch: 3.0000	num_samples: 498.0000
2022-12-09,19:41:55 | INFO | Start epoch 3
2022-12-09,19:41:57 | INFO | Train Epoch: 3 [128/498 (33%)] Loss: 4.4138 (4.414) Data (t): 0.921 Batch (t): 1.770, 72.3227/s LR: 0.001000 Logit Scale: 14.240
2022-12-09,19:42:00 | INFO | Train Epoch: 3 [384/498 (100%)] Loss: 4.7563 (4.585) Data (t): 0.881 Batch (t): 1.669, 79.3796/s LR: 0.001000 Logit Scale: 14.226
2022-12-09,19:42:02 | INFO | Eval Epoch: 4 [128 / 498]	Loss: 4.926071	
2022-12-09,19:42:05 | INFO | Eval Epoch: 4 image_to_text_mean_rank: 247.9398	image_to_text_median_rank: 248.0000	image_to_text_R@1: 0.0020	image_to_text_R@5: 0.0100	image_to_text_R@10: 0.0221	text_to_image_mean_rank: 201.3414	text_to_image_median_rank: 173.0000	text_to_image_R@1: 0.0040	text_to_image_R@5: 0.0241	text_to_image_R@10: 0.0462	val_loss: 4.8978	epoch: 4.0000	num_samples: 498.0000
2022-12-09,19:42:06 | INFO | Start epoch 4
2022-12-09,19:42:08 | INFO | Train Epoch: 4 [128/498 (33%)] Loss: 4.5828 (4.583) Data (t): 0.921 Batch (t): 1.774, 72.1479/s LR: 0.000998 Logit Scale: 14.216
2022-12-09,19:42:12 | INFO | Train Epoch: 4 [384/498 (100%)] Loss: 4.3950 (4.489) Data (t): 0.837 Batch (t): 1.625, 79.6108/s LR: 0.000994 Logit Scale: 14.200
2022-12-09,19:42:13 | INFO | Eval Epoch: 5 [128 / 498]	Loss: 4.788239	
2022-12-09,19:42:16 | INFO | Eval Epoch: 5 image_to_text_mean_rank: 228.4618	image_to_text_median_rank: 217.0000	image_to_text_R@1: 0.0000	image_to_text_R@5: 0.0120	image_to_text_R@10: 0.0201	text_to_image_mean_rank: 146.6867	text_to_image_median_rank: 114.0000	text_to_image_R@1: 0.0040	text_to_image_R@5: 0.0281	text_to_image_R@10: 0.0542	val_loss: 4.7704	epoch: 5.0000	num_samples: 498.0000
2022-12-09,19:42:18 | INFO | Start epoch 5
2022-12-09,19:42:19 | INFO | Train Epoch: 5 [128/498 (33%)] Loss: 4.1222 (4.122) Data (t): 0.896 Batch (t): 1.759, 72.7800/s LR: 0.000990 Logit Scale: 14.193
2022-12-09,19:42:23 | INFO | Train Epoch: 5 [384/498 (100%)] Loss: 4.3807 (4.251) Data (t): 1.033 Batch (t): 1.824, 66.6158/s LR: 0.000981 Logit Scale: 14.183
2022-12-09,19:42:24 | INFO | Eval Epoch: 6 [128 / 498]	Loss: 4.766014	
2022-12-09,19:42:27 | INFO | Eval Epoch: 6 image_to_text_mean_rank: 201.6586	image_to_text_median_rank: 193.0000	image_to_text_R@1: 0.0020	image_to_text_R@5: 0.0161	image_to_text_R@10: 0.0341	text_to_image_mean_rank: 106.8996	text_to_image_median_rank: 90.0000	text_to_image_R@1: 0.0100	text_to_image_R@5: 0.0482	text_to_image_R@10: 0.0723	val_loss: 4.7491	epoch: 6.0000	num_samples: 498.0000
2022-12-09,19:42:29 | INFO | Start epoch 6
2022-12-09,19:42:31 | INFO | Train Epoch: 6 [128/498 (33%)] Loss: 4.0239 (4.024) Data (t): 1.179 Batch (t): 2.026, 63.1851/s LR: 0.000976 Logit Scale: 14.177
2022-12-09,19:42:35 | INFO | Train Epoch: 6 [384/498 (100%)] Loss: 3.9255 (3.975) Data (t): 1.177 Batch (t): 1.968, 60.7653/s LR: 0.000962 Logit Scale: 14.167
2022-12-09,19:42:36 | INFO | Eval Epoch: 7 [128 / 498]	Loss: 4.074181	
2022-12-09,19:42:39 | INFO | Eval Epoch: 7 image_to_text_mean_rank: 82.1988	image_to_text_median_rank: 65.0000	image_to_text_R@1: 0.0060	image_to_text_R@5: 0.0361	image_to_text_R@10: 0.0763	text_to_image_mean_rank: 87.0060	text_to_image_median_rank: 69.0000	text_to_image_R@1: 0.0120	text_to_image_R@5: 0.0462	text_to_image_R@10: 0.0863	val_loss: 4.0669	epoch: 7.0000	num_samples: 498.0000
2022-12-09,19:42:41 | INFO | Start epoch 7
2022-12-09,19:42:43 | INFO | Train Epoch: 7 [128/498 (33%)] Loss: 3.8864 (3.886) Data (t): 0.900 Batch (t): 1.771, 72.2608/s LR: 0.000954 Logit Scale: 14.163
2022-12-09,19:42:46 | INFO | Train Epoch: 7 [384/498 (100%)] Loss: 3.8049 (3.846) Data (t): 1.068 Batch (t): 1.861, 67.1744/s LR: 0.000936 Logit Scale: 14.156
2022-12-09,19:42:48 | INFO | Eval Epoch: 8 [128 / 498]	Loss: 3.918518	
2022-12-09,19:42:51 | INFO | Eval Epoch: 8 image_to_text_mean_rank: 79.7229	image_to_text_median_rank: 62.0000	image_to_text_R@1: 0.0161	image_to_text_R@5: 0.0643	image_to_text_R@10: 0.1104	text_to_image_mean_rank: 80.5863	text_to_image_median_rank: 62.0000	text_to_image_R@1: 0.0060	text_to_image_R@5: 0.0462	text_to_image_R@10: 0.1024	val_loss: 3.9390	epoch: 8.0000	num_samples: 498.0000
2022-12-09,19:42:53 | INFO | Start epoch 8
2022-12-09,19:42:55 | INFO | Train Epoch: 8 [128/498 (33%)] Loss: 3.6721 (3.672) Data (t): 1.091 Batch (t): 1.943, 65.8654/s LR: 0.000926 Logit Scale: 14.153
2022-12-09,19:42:59 | INFO | Train Epoch: 8 [384/498 (100%)] Loss: 3.7082 (3.690) Data (t): 1.265 Batch (t): 2.063, 61.2920/s LR: 0.000905 Logit Scale: 14.149
2022-12-09,19:43:01 | INFO | Eval Epoch: 9 [128 / 498]	Loss: 3.826180	
2022-12-09,19:43:04 | INFO | Eval Epoch: 9 image_to_text_mean_rank: 76.1687	image_to_text_median_rank: 54.0000	image_to_text_R@1: 0.0040	image_to_text_R@5: 0.0422	image_to_text_R@10: 0.0984	text_to_image_mean_rank: 65.9036	text_to_image_median_rank: 49.0000	text_to_image_R@1: 0.0181	text_to_image_R@5: 0.0723	text_to_image_R@10: 0.1325	val_loss: 3.8392	epoch: 9.0000	num_samples: 498.0000
2022-12-09,19:43:05 | INFO | Start epoch 9
2022-12-09,19:43:07 | INFO | Train Epoch: 9 [128/498 (33%)] Loss: 3.6119 (3.612) Data (t): 1.082 Batch (t): 1.934, 66.1849/s LR: 0.000893 Logit Scale: 14.147
2022-12-09,19:43:11 | INFO | Train Epoch: 9 [384/498 (100%)] Loss: 3.6025 (3.607) Data (t): 1.020 Batch (t): 1.815, 75.2984/s LR: 0.000867 Logit Scale: 14.145
2022-12-09,19:43:12 | INFO | Eval Epoch: 10 [128 / 498]	Loss: 3.525936	
2022-12-09,19:43:16 | INFO | Eval Epoch: 10 image_to_text_mean_rank: 48.5783	image_to_text_median_rank: 34.0000	image_to_text_R@1: 0.0141	image_to_text_R@5: 0.0663	image_to_text_R@10: 0.1406	text_to_image_mean_rank: 48.5743	text_to_image_median_rank: 33.0000	text_to_image_R@1: 0.0141	text_to_image_R@5: 0.0663	text_to_image_R@10: 0.1546	val_loss: 3.5156	epoch: 10.0000	num_samples: 498.0000
2022-12-09,19:43:17 | INFO | Start epoch 10
2022-12-09,19:43:19 | INFO | Train Epoch: 10 [128/498 (33%)] Loss: 3.4479 (3.448) Data (t): 0.880 Batch (t): 1.729, 74.0278/s LR: 0.000854 Logit Scale: 14.145
2022-12-09,19:43:22 | INFO | Train Epoch: 10 [384/498 (100%)] Loss: 3.4146 (3.431) Data (t): 0.929 Batch (t): 1.725, 74.5774/s LR: 0.000825 Logit Scale: 14.147
2022-12-09,19:43:23 | INFO | Eval Epoch: 11 [128 / 498]	Loss: 3.364220	
2022-12-09,19:43:27 | INFO | Eval Epoch: 11 image_to_text_mean_rank: 39.5823	image_to_text_median_rank: 33.0000	image_to_text_R@1: 0.0161	image_to_text_R@5: 0.0904	image_to_text_R@10: 0.1747	text_to_image_mean_rank: 43.0020	text_to_image_median_rank: 32.0000	text_to_image_R@1: 0.0141	text_to_image_R@5: 0.0823	text_to_image_R@10: 0.1807	val_loss: 3.3584	epoch: 11.0000	num_samples: 498.0000
2022-12-09,19:43:29 | INFO | Start epoch 11
2022-12-09,19:43:30 | INFO | Train Epoch: 11 [128/498 (33%)] Loss: 3.3791 (3.379) Data (t): 1.092 Batch (t): 1.955, 65.4681/s LR: 0.000810 Logit Scale: 14.148
2022-12-09,19:43:34 | INFO | Train Epoch: 11 [384/498 (100%)] Loss: 3.3823 (3.381) Data (t): 0.976 Batch (t): 1.776, 74.6010/s LR: 0.000778 Logit Scale: 14.153
2022-12-09,19:43:35 | INFO | Eval Epoch: 12 [128 / 498]	Loss: 3.178585	
2022-12-09,19:43:39 | INFO | Eval Epoch: 12 image_to_text_mean_rank: 31.7209	image_to_text_median_rank: 25.0000	image_to_text_R@1: 0.0321	image_to_text_R@5: 0.1285	image_to_text_R@10: 0.2490	text_to_image_mean_rank: 36.8534	text_to_image_median_rank: 28.0000	text_to_image_R@1: 0.0241	text_to_image_R@5: 0.1004	text_to_image_R@10: 0.1948	val_loss: 3.1958	epoch: 12.0000	num_samples: 498.0000
2022-12-09,19:43:40 | INFO | Start epoch 12
2022-12-09,19:43:42 | INFO | Train Epoch: 12 [128/498 (33%)] Loss: 3.2744 (3.274) Data (t): 1.080 Batch (t): 1.934, 66.1690/s LR: 0.000761 Logit Scale: 14.156
2022-12-09,19:43:46 | INFO | Train Epoch: 12 [384/498 (100%)] Loss: 3.4052 (3.340) Data (t): 1.019 Batch (t): 1.818, 71.0177/s LR: 0.000727 Logit Scale: 14.162
2022-12-09,19:43:47 | INFO | Eval Epoch: 13 [128 / 498]	Loss: 3.696400	
2022-12-09,19:43:51 | INFO | Eval Epoch: 13 image_to_text_mean_rank: 56.9759	image_to_text_median_rank: 51.0000	image_to_text_R@1: 0.0080	image_to_text_R@5: 0.0321	image_to_text_R@10: 0.0683	text_to_image_mean_rank: 58.6747	text_to_image_median_rank: 50.0000	text_to_image_R@1: 0.0040	text_to_image_R@5: 0.0582	text_to_image_R@10: 0.0944	val_loss: 3.6741	epoch: 13.0000	num_samples: 498.0000
2022-12-09,19:43:52 | INFO | Start epoch 13
2022-12-09,19:43:54 | INFO | Train Epoch: 13 [128/498 (33%)] Loss: 3.7220 (3.722) Data (t): 0.954 Batch (t): 1.825, 70.1348/s LR: 0.000709 Logit Scale: 14.165
2022-12-09,19:43:57 | INFO | Train Epoch: 13 [384/498 (100%)] Loss: 3.4065 (3.564) Data (t): 0.966 Batch (t): 1.770, 74.5297/s LR: 0.000673 Logit Scale: 14.168
2022-12-09,19:43:59 | INFO | Eval Epoch: 14 [128 / 498]	Loss: 3.077347	
2022-12-09,19:44:02 | INFO | Eval Epoch: 14 image_to_text_mean_rank: 30.8896	image_to_text_median_rank: 26.0000	image_to_text_R@1: 0.0321	image_to_text_R@5: 0.1426	image_to_text_R@10: 0.2430	text_to_image_mean_rank: 34.1245	text_to_image_median_rank: 28.0000	text_to_image_R@1: 0.0301	text_to_image_R@5: 0.1245	text_to_image_R@10: 0.2008	val_loss: 3.1215	epoch: 14.0000	num_samples: 498.0000
2022-12-09,19:44:05 | INFO | Start epoch 14
2022-12-09,19:44:06 | INFO | Train Epoch: 14 [128/498 (33%)] Loss: 3.3428 (3.343) Data (t): 0.890 Batch (t): 1.742, 73.4890/s LR: 0.000655 Logit Scale: 14.169
2022-12-09,19:44:10 | INFO | Train Epoch: 14 [384/498 (100%)] Loss: 3.2572 (3.300) Data (t): 0.920 Batch (t): 1.719, 75.2806/s LR: 0.000617 Logit Scale: 14.171
2022-12-09,19:44:11 | INFO | Eval Epoch: 15 [128 / 498]	Loss: 3.628857	
2022-12-09,19:44:14 | INFO | Eval Epoch: 15 image_to_text_mean_rank: 52.7631	image_to_text_median_rank: 44.0000	image_to_text_R@1: 0.0120	image_to_text_R@5: 0.0582	image_to_text_R@10: 0.1265	text_to_image_mean_rank: 51.7068	text_to_image_median_rank: 42.0000	text_to_image_R@1: 0.0060	text_to_image_R@5: 0.0643	text_to_image_R@10: 0.1305	val_loss: 3.6640	epoch: 15.0000	num_samples: 498.0000
2022-12-09,19:44:16 | INFO | Start epoch 15
2022-12-09,19:44:18 | INFO | Train Epoch: 15 [128/498 (33%)] Loss: 3.3864 (3.386) Data (t): 0.958 Batch (t): 1.790, 71.5244/s LR: 0.000598 Logit Scale: 14.172
2022-12-09,19:44:21 | INFO | Train Epoch: 15 [384/498 (100%)] Loss: 3.1205 (3.253) Data (t): 0.937 Batch (t): 1.736, 71.4145/s LR: 0.000559 Logit Scale: 14.173
2022-12-09,19:44:22 | INFO | Eval Epoch: 16 [128 / 498]	Loss: 3.199635	
2022-12-09,19:44:26 | INFO | Eval Epoch: 16 image_to_text_mean_rank: 37.8695	image_to_text_median_rank: 29.0000	image_to_text_R@1: 0.0141	image_to_text_R@5: 0.0763	image_to_text_R@10: 0.1827	text_to_image_mean_rank: 39.6245	text_to_image_median_rank: 32.0000	text_to_image_R@1: 0.0241	text_to_image_R@5: 0.0924	text_to_image_R@10: 0.1827	val_loss: 3.2549	epoch: 16.0000	num_samples: 498.0000
2022-12-09,19:44:28 | INFO | Start epoch 16
2022-12-09,19:44:29 | INFO | Train Epoch: 16 [128/498 (33%)] Loss: 2.9571 (2.957) Data (t): 0.914 Batch (t): 1.755, 72.9332/s LR: 0.000539 Logit Scale: 14.175
2022-12-09,19:44:33 | INFO | Train Epoch: 16 [384/498 (100%)] Loss: 3.0635 (3.010) Data (t): 0.883 Batch (t): 1.682, 75.4554/s LR: 0.000500 Logit Scale: 14.179
2022-12-09,19:44:34 | INFO | Eval Epoch: 17 [128 / 498]	Loss: 3.020878	
2022-12-09,19:44:37 | INFO | Eval Epoch: 17 image_to_text_mean_rank: 28.3695	image_to_text_median_rank: 20.0000	image_to_text_R@1: 0.0382	image_to_text_R@5: 0.1707	image_to_text_R@10: 0.3032	text_to_image_mean_rank: 28.4317	text_to_image_median_rank: 20.0000	text_to_image_R@1: 0.0402	text_to_image_R@5: 0.1667	text_to_image_R@10: 0.3032	val_loss: 2.9875	epoch: 17.0000	num_samples: 498.0000
2022-12-09,19:44:38 | INFO | Start epoch 17
2022-12-09,19:44:40 | INFO | Train Epoch: 17 [128/498 (33%)] Loss: 3.0627 (3.063) Data (t): 0.831 Batch (t): 1.688, 75.8249/s LR: 0.000480 Logit Scale: 14.182
2022-12-09,19:44:44 | INFO | Train Epoch: 17 [384/498 (100%)] Loss: 2.8481 (2.955) Data (t): 0.867 Batch (t): 1.663, 75.7687/s LR: 0.000441 Logit Scale: 14.187
2022-12-09,19:44:45 | INFO | Eval Epoch: 18 [128 / 498]	Loss: 2.851261	
2022-12-09,19:44:48 | INFO | Eval Epoch: 18 image_to_text_mean_rank: 21.8554	image_to_text_median_rank: 17.0000	image_to_text_R@1: 0.0522	image_to_text_R@5: 0.1908	image_to_text_R@10: 0.3414	text_to_image_mean_rank: 23.8514	text_to_image_median_rank: 17.0000	text_to_image_R@1: 0.0361	text_to_image_R@5: 0.2048	text_to_image_R@10: 0.3635	val_loss: 2.8868	epoch: 18.0000	num_samples: 498.0000
2022-12-09,19:44:49 | INFO | Start epoch 18
2022-12-09,19:44:51 | INFO | Train Epoch: 18 [128/498 (33%)] Loss: 2.8442 (2.844) Data (t): 0.835 Batch (t): 1.676, 76.3756/s LR: 0.000422 Logit Scale: 14.190
2022-12-09,19:44:54 | INFO | Train Epoch: 18 [384/498 (100%)] Loss: 2.8280 (2.836) Data (t): 0.882 Batch (t): 1.680, 75.1360/s LR: 0.000383 Logit Scale: 14.197
2022-12-09,19:44:55 | INFO | Eval Epoch: 19 [128 / 498]	Loss: 2.719860	
2022-12-09,19:44:58 | INFO | Eval Epoch: 19 image_to_text_mean_rank: 17.4920	image_to_text_median_rank: 14.0000	image_to_text_R@1: 0.0823	image_to_text_R@5: 0.2410	image_to_text_R@10: 0.4217	text_to_image_mean_rank: 18.0402	text_to_image_median_rank: 14.0000	text_to_image_R@1: 0.0422	text_to_image_R@5: 0.2149	text_to_image_R@10: 0.4036	val_loss: 2.7333	epoch: 19.0000	num_samples: 498.0000
2022-12-09,19:45:00 | INFO | Start epoch 19
2022-12-09,19:45:02 | INFO | Train Epoch: 19 [128/498 (33%)] Loss: 2.8013 (2.801) Data (t): 1.133 Batch (t): 1.976, 64.7753/s LR: 0.000364 Logit Scale: 14.201
2022-12-09,19:45:05 | INFO | Train Epoch: 19 [384/498 (100%)] Loss: 2.8888 (2.845) Data (t): 0.988 Batch (t): 1.786, 74.5195/s LR: 0.000327 Logit Scale: 14.208
2022-12-09,19:45:06 | INFO | Eval Epoch: 20 [128 / 498]	Loss: 2.675241	
2022-12-09,19:45:10 | INFO | Eval Epoch: 20 image_to_text_mean_rank: 17.5502	image_to_text_median_rank: 12.0000	image_to_text_R@1: 0.0663	image_to_text_R@5: 0.2831	image_to_text_R@10: 0.4558	text_to_image_mean_rank: 17.3655	text_to_image_median_rank: 13.0000	text_to_image_R@1: 0.0643	text_to_image_R@5: 0.2349	text_to_image_R@10: 0.4056	val_loss: 2.7062	epoch: 20.0000	num_samples: 498.0000
2022-12-09,19:45:11 | INFO | Start epoch 20
2022-12-09,19:45:13 | INFO | Train Epoch: 20 [128/498 (33%)] Loss: 2.6328 (2.633) Data (t): 0.953 Batch (t): 1.877, 68.2080/s LR: 0.000309 Logit Scale: 14.211
2022-12-09,19:45:17 | INFO | Train Epoch: 20 [384/498 (100%)] Loss: 3.0838 (2.858) Data (t): 0.936 Batch (t): 1.738, 74.8743/s LR: 0.000273 Logit Scale: 14.218
2022-12-09,19:45:18 | INFO | Eval Epoch: 21 [128 / 498]	Loss: 2.722637	
2022-12-09,19:45:21 | INFO | Eval Epoch: 21 image_to_text_mean_rank: 19.4458	image_to_text_median_rank: 14.0000	image_to_text_R@1: 0.0542	image_to_text_R@5: 0.2068	image_to_text_R@10: 0.3876	text_to_image_mean_rank: 17.9598	text_to_image_median_rank: 14.0000	text_to_image_R@1: 0.0482	text_to_image_R@5: 0.2169	text_to_image_R@10: 0.4157	val_loss: 2.7354	epoch: 21.0000	num_samples: 498.0000
2022-12-09,19:45:23 | INFO | Start epoch 21
2022-12-09,19:45:25 | INFO | Train Epoch: 21 [128/498 (33%)] Loss: 2.6752 (2.675) Data (t): 1.077 Batch (t): 1.918, 66.7206/s LR: 0.000256 Logit Scale: 14.221
2022-12-09,19:45:28 | INFO | Train Epoch: 21 [384/498 (100%)] Loss: 2.7798 (2.728) Data (t): 0.984 Batch (t): 1.784, 74.5500/s LR: 0.000222 Logit Scale: 14.227
2022-12-09,19:45:29 | INFO | Eval Epoch: 22 [128 / 498]	Loss: 2.614420	
2022-12-09,19:45:33 | INFO | Eval Epoch: 22 image_to_text_mean_rank: 16.9478	image_to_text_median_rank: 12.0000	image_to_text_R@1: 0.0763	image_to_text_R@5: 0.2831	image_to_text_R@10: 0.4558	text_to_image_mean_rank: 16.2189	text_to_image_median_rank: 11.0000	text_to_image_R@1: 0.0783	text_to_image_R@5: 0.3032	text_to_image_R@10: 0.4940	val_loss: 2.6286	epoch: 22.0000	num_samples: 498.0000
2022-12-09,19:45:34 | INFO | Start epoch 22
2022-12-09,19:45:36 | INFO | Train Epoch: 22 [128/498 (33%)] Loss: 2.5636 (2.564) Data (t): 0.907 Batch (t): 1.758, 72.7972/s LR: 0.000206 Logit Scale: 14.229
2022-12-09,19:45:39 | INFO | Train Epoch: 22 [384/498 (100%)] Loss: 2.7967 (2.680) Data (t): 0.924 Batch (t): 1.722, 74.9962/s LR: 0.000175 Logit Scale: 14.235
2022-12-09,19:45:41 | INFO | Eval Epoch: 23 [128 / 498]	Loss: 2.604361	
2022-12-09,19:45:44 | INFO | Eval Epoch: 23 image_to_text_mean_rank: 15.6024	image_to_text_median_rank: 12.0000	image_to_text_R@1: 0.0602	image_to_text_R@5: 0.2731	image_to_text_R@10: 0.4639	text_to_image_mean_rank: 14.5723	text_to_image_median_rank: 10.0000	text_to_image_R@1: 0.0602	text_to_image_R@5: 0.3052	text_to_image_R@10: 0.5100	val_loss: 2.6177	epoch: 23.0000	num_samples: 498.0000
2022-12-09,19:45:45 | INFO | Start epoch 23
2022-12-09,19:45:47 | INFO | Train Epoch: 23 [128/498 (33%)] Loss: 2.6550 (2.655) Data (t): 0.869 Batch (t): 1.728, 74.0715/s LR: 0.000161 Logit Scale: 14.237
2022-12-09,19:45:50 | INFO | Train Epoch: 23 [384/498 (100%)] Loss: 2.5743 (2.615) Data (t): 0.923 Batch (t): 1.719, 75.2110/s LR: 0.000133 Logit Scale: 14.241
2022-12-09,19:45:51 | INFO | Eval Epoch: 24 [128 / 498]	Loss: 2.521101	
2022-12-09,19:45:55 | INFO | Eval Epoch: 24 image_to_text_mean_rank: 13.0020	image_to_text_median_rank: 9.0000	image_to_text_R@1: 0.0703	image_to_text_R@5: 0.3293	image_to_text_R@10: 0.5502	text_to_image_mean_rank: 11.4277	text_to_image_median_rank: 8.0000	text_to_image_R@1: 0.0823	text_to_image_R@5: 0.3835	text_to_image_R@10: 0.6004	val_loss: 2.5375	epoch: 24.0000	num_samples: 498.0000
2022-12-09,19:45:57 | INFO | Start epoch 24
2022-12-09,19:45:59 | INFO | Train Epoch: 24 [128/498 (33%)] Loss: 2.5725 (2.572) Data (t): 0.990 Batch (t): 1.843, 69.4549/s LR: 0.000120 Logit Scale: 14.243
2022-12-09,19:46:02 | INFO | Train Epoch: 24 [384/498 (100%)] Loss: 2.6148 (2.594) Data (t): 0.876 Batch (t): 1.675, 75.5714/s LR: 0.000095 Logit Scale: 14.247
2022-12-09,19:46:04 | INFO | Eval Epoch: 25 [128 / 498]	Loss: 2.482460	
2022-12-09,19:46:08 | INFO | Eval Epoch: 25 image_to_text_mean_rank: 11.9880	image_to_text_median_rank: 9.0000	image_to_text_R@1: 0.0924	image_to_text_R@5: 0.3594	image_to_text_R@10: 0.5522	text_to_image_mean_rank: 10.2771	text_to_image_median_rank: 7.0000	text_to_image_R@1: 0.1165	text_to_image_R@5: 0.4137	text_to_image_R@10: 0.6466	val_loss: 2.4789	epoch: 25.0000	num_samples: 498.0000
2022-12-09,19:46:09 | INFO | Start epoch 25
2022-12-09,19:46:11 | INFO | Train Epoch: 25 [128/498 (33%)] Loss: 2.6201 (2.620) Data (t): 1.017 Batch (t): 1.893, 67.6342/s LR: 0.000084 Logit Scale: 14.248
2022-12-09,19:46:15 | INFO | Train Epoch: 25 [384/498 (100%)] Loss: 2.5734 (2.597) Data (t): 0.927 Batch (t): 1.756, 74.4661/s LR: 0.000064 Logit Scale: 14.251
2022-12-09,19:46:16 | INFO | Eval Epoch: 26 [128 / 498]	Loss: 2.468899	
2022-12-09,19:46:19 | INFO | Eval Epoch: 26 image_to_text_mean_rank: 11.3032	image_to_text_median_rank: 8.0000	image_to_text_R@1: 0.0944	image_to_text_R@5: 0.3614	image_to_text_R@10: 0.5884	text_to_image_mean_rank: 10.0582	text_to_image_median_rank: 7.0000	text_to_image_R@1: 0.1024	text_to_image_R@5: 0.4217	text_to_image_R@10: 0.6406	val_loss: 2.4666	epoch: 26.0000	num_samples: 498.0000
2022-12-09,19:46:21 | INFO | Start epoch 26
2022-12-09,19:46:23 | INFO | Train Epoch: 26 [128/498 (33%)] Loss: 2.5114 (2.511) Data (t): 1.016 Batch (t): 1.856, 68.9544/s LR: 0.000054 Logit Scale: 14.252
2022-12-09,19:46:26 | INFO | Train Epoch: 26 [384/498 (100%)] Loss: 2.4836 (2.497) Data (t): 0.938 Batch (t): 1.733, 74.9873/s LR: 0.000038 Logit Scale: 14.254
2022-12-09,19:46:28 | INFO | Eval Epoch: 27 [128 / 498]	Loss: 2.441347	
2022-12-09,19:46:32 | INFO | Eval Epoch: 27 image_to_text_mean_rank: 10.2149	image_to_text_median_rank: 7.0000	image_to_text_R@1: 0.0904	image_to_text_R@5: 0.3996	image_to_text_R@10: 0.6406	text_to_image_mean_rank: 9.2610	text_to_image_median_rank: 7.0000	text_to_image_R@1: 0.1024	text_to_image_R@5: 0.4357	text_to_image_R@10: 0.6747	val_loss: 2.4463	epoch: 27.0000	num_samples: 498.0000
2022-12-09,19:46:33 | INFO | Start epoch 27
2022-12-09,19:46:35 | INFO | Train Epoch: 27 [128/498 (33%)] Loss: 2.5003 (2.500) Data (t): 0.957 Batch (t): 1.800, 71.1119/s LR: 0.000031 Logit Scale: 14.254
2022-12-09,19:46:38 | INFO | Train Epoch: 27 [384/498 (100%)] Loss: 2.5513 (2.526) Data (t): 0.938 Batch (t): 1.733, 74.4479/s LR: 0.000019 Logit Scale: 14.255
2022-12-09,19:46:40 | INFO | Eval Epoch: 28 [128 / 498]	Loss: 2.427061	
2022-12-09,19:46:43 | INFO | Eval Epoch: 28 image_to_text_mean_rank: 9.7470	image_to_text_median_rank: 7.0000	image_to_text_R@1: 0.1004	image_to_text_R@5: 0.4217	image_to_text_R@10: 0.6526	text_to_image_mean_rank: 8.8052	text_to_image_median_rank: 6.0000	text_to_image_R@1: 0.1225	text_to_image_R@5: 0.4558	text_to_image_R@10: 0.6968	val_loss: 2.4348	epoch: 28.0000	num_samples: 498.0000
2022-12-09,19:46:44 | INFO | Start epoch 28
2022-12-09,19:46:46 | INFO | Train Epoch: 28 [128/498 (33%)] Loss: 2.4191 (2.419) Data (t): 0.897 Batch (t): 1.765, 72.5188/s LR: 0.000014 Logit Scale: 14.256
2022-12-09,19:46:50 | INFO | Train Epoch: 28 [384/498 (100%)] Loss: 2.4816 (2.450) Data (t): 0.920 Batch (t): 1.713, 75.3997/s LR: 0.000006 Logit Scale: 14.256
2022-12-09,19:46:51 | INFO | Eval Epoch: 29 [128 / 498]	Loss: 2.425320	
2022-12-09,19:46:54 | INFO | Eval Epoch: 29 image_to_text_mean_rank: 9.6847	image_to_text_median_rank: 7.0000	image_to_text_R@1: 0.1064	image_to_text_R@5: 0.4257	image_to_text_R@10: 0.6627	text_to_image_mean_rank: 8.6968	text_to_image_median_rank: 6.0000	text_to_image_R@1: 0.1225	text_to_image_R@5: 0.4618	text_to_image_R@10: 0.7108	val_loss: 2.4314	epoch: 29.0000	num_samples: 498.0000
2022-12-09,19:46:56 | INFO | Start epoch 29
2022-12-09,19:46:58 | INFO | Train Epoch: 29 [128/498 (33%)] Loss: 2.4384 (2.438) Data (t): 1.005 Batch (t): 1.861, 68.7825/s LR: 0.000003 Logit Scale: 14.256
2022-12-09,19:47:02 | INFO | Train Epoch: 29 [384/498 (100%)] Loss: 2.4373 (2.438) Data (t): 0.984 Batch (t): 1.777, 70.6550/s LR: 0.000000 Logit Scale: 14.256
2022-12-09,19:47:03 | INFO | Eval Epoch: 30 [128 / 498]	Loss: 2.423498	
2022-12-09,19:47:07 | INFO | Eval Epoch: 30 image_to_text_mean_rank: 9.6546	image_to_text_median_rank: 7.0000	image_to_text_R@1: 0.1124	image_to_text_R@5: 0.4297	image_to_text_R@10: 0.6667	text_to_image_mean_rank: 8.6245	text_to_image_median_rank: 6.0000	text_to_image_R@1: 0.1225	text_to_image_R@5: 0.4719	text_to_image_R@10: 0.7108	val_loss: 2.4297	epoch: 30.0000	num_samples: 498.0000
